<?xml version="1.0" encoding="UTF-8"?>
<testng-results skipped="0" failed="0" total="1" passed="1">
  <reporter-output>
  </reporter-output>
  <suite name="Default suite" duration-ms="4898" started-at="2019-12-23T20:21:03Z" finished-at="2019-12-23T20:21:08Z">
    <groups>
    </groups>
    <test name="Default test" duration-ms="4898" started-at="2019-12-23T20:21:03Z" finished-at="2019-12-23T20:21:08Z">
      <class name="com.demo.api3.controller.GetCallBDD">
        <test-method status="PASS" signature="getdata(java.util.Map)[pri:0, instance:com.demo.api3.controller.GetCallBDD@a67c67e]" name="getdata" duration-ms="4054" started-at="2019-12-23T14:21:04Z" data-provider="data-provider" finished-at="2019-12-23T14:21:08Z">
          <params>
            <param index="0">
              <value>
                <![CDATA[{url=http://localhost:8878/api/test3, RequestBody={"serial_number":"testVal16","fedex_part_number":"607782","model":"HP EliteBook 840 G3","model_category":"Computers","comments":"Fisrt Hardware Asset Record-16 - Updated","location_code":"test","asset_tag":""}}]]>
              </value>
            </param>
          </params>
          <reporter-output>
          </reporter-output>
        </test-method> <!-- getdata -->
      </class> <!-- com.demo.api3.controller.GetCallBDD -->
    </test> <!-- Default test -->
  </suite> <!-- Default suite -->
</testng-results>
